build/app/outputs/mapping/release/configuration.txt
# The proguard configuration file for the following section is default_proguard_files\global\proguard-android.txt-7.3.0
# This is a configuration file for ProGuard.
# http://proguard.sourceforge.net/index.html#manual/usage.html
#
# Starting with version 2.2 of the Android plugin for Gradle, this file is distributed together with
# the plugin and unpacked at build-time. The files in $ANDROID_HOME are no longer maintained and
# will be ignored by new version of the Android plugin for Gradle.

# Optimization is turned off by default. Dex does not like code run
# through the ProGuard optimize steps (and performs some
# of these optimizations on its own).
# Note that if you want to enable optimization, you cannot just
# include optimization flags in your own project configuration file;
# instead you will need to point to the
# "proguard-android-optimize.txt" file instead of this one from your
# project.properties file.
-dontoptimize

-dontusemixedcaseclassnames
-dontskipnonpubliclibraryclasses
-verbose

# Preserve some attributes that may be required for reflection.
-keepattributes AnnotationDefault,
                EnclosingMethod,
                InnerClasses,
                RuntimeVisibleAnnotations,
                RuntimeVisibleParameterAnnotations,
                RuntimeVisibleTypeAnnotations,
                Signature

-keep public class com.google.vending.licensing.ILicensingService
-keep public class com.android.vending.licensing.ILicensingService
-keep public class com.google.android.vending.licensing.ILicensingService
-dontnote com.android.vending.licensing.ILicensingService
-dontnote com.google.vending.licensing.ILicensingService
-dontnote com.google.android.vending.licensing.ILicensingService

# For native methods, see http://proguard.sourceforge.net/manual/examples.html#native
-keepclasseswithmembernames,includedescriptorclasses class * {
    native <methods>;
}

# Keep setters in Views so that animations can still work.
-keepclassmembers public class * extends android.view.View {
    void set*(***);
    *** get*();
}

# We want to keep methods in Activity that could be used in the XML attribute onClick.
-keepclassmembers class * extends android.app.Activity {
    public void *(android.view.View);
}

# For enumeration classes, see http://proguard.sourceforge.net/manual/examples.html#enumerations
-keepclassmembers enum * {
    public static **[] values();
    public static ** valueOf(java.lang.String);
}

-keepclassmembers class * implements android.os.Parcelable {
    public static final ** CREATOR;
}

# Preserve annotated Javascript interface methods.
-keepclassmembers class * {
    @android.webkit.JavascriptInterface <methods>;
}

# The support libraries contains references to newer platform versions.
# Don't warn about those in case this app is linking against an older
# platform version. We know about them, and they are safe.
-dontnote android.support.**
-dontnote androidx.**
-dontwarn android.support.**
-dontwarn androidx.**

# This class is deprecated, but remains for backward compatibility.
-dontwarn android.util.FloatMath

# Understand the @Keep support annotation.
-keep class android.support.annotation.Keep
-keep class androidx.annotation.Keep

-keep @android.support.annotation.Keep class * {*;}
-keep @androidx.annotation.Keep class * {*;}

-keepclasseswithmembers class * {
    @android.support.annotation.Keep <methods>;
}

-keepclasseswithmembers class * {
    @androidx.annotation.Keep <methods>;
}

-keepclasseswithmembers class * {
    @android.support.annotation.Keep <fields>;
}

-keepclasseswithmembers class * {
    @androidx.annotation.Keep <fields>;
}

-keepclasseswithmembers class * {
    @android.support.annotation.Keep <init>(...);
}

-keepclasseswithmembers class * {
    @androidx.annotation.Keep <init>(...);
}

# These classes are duplicated between android.jar and org.apache.http.legacy.jar.
-dontnote org.apache.http.**
-dontnote android.net.http.**

# These classes are duplicated between android.jar and core-lambda-stubs.jar.
-dontnote java.lang.invoke.**

# End of content from default_proguard_files\global\proguard-android.txt-7.3.0
# The proguard configuration file for the following section is flutter_tools\gradle\flutter_proguard_rules.pro
# Build the ephemeral app in a module project.
# Prevents: Warning: library class <plugin-package> depends on program class io.flutter.plugin.**
# This is due to plugins (libraries) depending on the embedding (the program jar)
-dontwarn io.flutter.plugin.**

# The android.** package is provided by the OS at runtime.
-dontwarn android.**

# End of content from flutter_tools\gradle\flutter_proguard_rules.pro
# The proguard configuration file for the following section is aapt_proguard_file\release\aapt_rules.txt
-keep class android.app.Application { <init>(); }
-keep class androidx.core.app.CoreComponentFactory { <init>(); }
-keep class androidx.profileinstaller.ProfileInstallReceiver { <init>(); }
-keep class androidx.startup.InitializationProvider { <init>(); }
-keep class com.baseflow.geolocator.GeolocatorLocationService { <init>(); }
-keep class com.facebook.AuthenticationTokenManager$CurrentAuthenticationTokenChangedBroadcastReceiver { <init>(); }
-keep class com.facebook.CurrentAccessTokenExpirationBroadcastReceiver { <init>(); }
-keep class com.facebook.CustomTabActivity { <init>(); }
-keep class com.facebook.CustomTabMainActivity { <init>(); }
-keep class com.facebook.FacebookActivity { <init>(); }
-keep class com.facebook.internal.FacebookInitProvider { <init>(); }
-keep class com.google.android.datatransport.runtime.backends.TransportBackendDiscovery { <init>(); }
-keep class com.google.android.datatransport.runtime.scheduling.jobscheduling.AlarmManagerSchedulerBroadcastReceiver { <init>(); }
-keep class com.google.android.datatransport.runtime.scheduling.jobscheduling.JobInfoSchedulerService { <init>(); }
-keep class com.google.android.gms.auth.api.signin.RevocationBoundService { <init>(); }
-keep class com.google.android.gms.auth.api.signin.internal.SignInHubActivity { <init>(); }
-keep class com.google.android.gms.common.api.GoogleApiActivity { <init>(); }
-keep class com.google.firebase.auth.internal.GenericIdpActivity { <init>(); }
-keep class com.google.firebase.auth.internal.RecaptchaActivity { <init>(); }
-keep class com.google.firebase.components.ComponentDiscoveryService { <init>(); }
-keep class com.google.firebase.iid.FirebaseInstanceIdReceiver { <init>(); }
-keep class com.google.firebase.messaging.FirebaseMessagingService { <init>(); }
-keep class com.google.firebase.provider.FirebaseInitProvider { <init>(); }
-keep class com.huawei.agconnect.core.ServiceDiscovery { <init>(); }
-keep class com.huawei.agconnect.core.provider.AGConnectInitializeProvider { <init>(); }
-keep class com.huawei.hms.hmsscankit.ScanKitActivity { <init>(); }
-keep class com.huawei.hms.mlsdk.common.provider.MLInitializerProvider { <init>(); }
-keep class com.journeyapps.barcodescanner.CaptureActivity { <init>(); }
-keep class com.pichillilorenzo.flutter_inappwebview.chrome_custom_tabs.ActionBroadcastReceiver { <init>(); }
-keep class com.pichillilorenzo.flutter_inappwebview.chrome_custom_tabs.ChromeCustomTabsActivity { <init>(); }
-keep class com.pichillilorenzo.flutter_inappwebview.chrome_custom_tabs.ChromeCustomTabsActivitySingleInstance { <init>(); }
-keep class com.pichillilorenzo.flutter_inappwebview.chrome_custom_tabs.TrustedWebActivity { <init>(); }
-keep class com.pichillilorenzo.flutter_inappwebview.chrome_custom_tabs.TrustedWebActivitySingleInstance { <init>(); }
-keep class com.pichillilorenzo.flutter_inappwebview.in_app_browser.InAppBrowserActivity { <init>(); }
-keep class com.producer.suezproduction.MainActivity { <init>(); }
-keep class io.flutter.plugins.firebase.messaging.FlutterFirebaseMessagingBackgroundService { <init>(); }
-keep class io.flutter.plugins.firebase.messaging.FlutterFirebaseMessagingInitProvider { <init>(); }
-keep class io.flutter.plugins.firebase.messaging.FlutterFirebaseMessagingReceiver { <init>(); }
-keep class io.flutter.plugins.firebase.messaging.FlutterFirebaseMessagingService { <init>(); }
-keep class io.flutter.plugins.imagepicker.ImagePickerFileProvider { <init>(); }
-keep class io.flutter.plugins.urllauncher.WebViewActivity { <init>(); }
-keep class android.widget.SearchView { <init>(android.content.Context); }

-keep class android.widget.Space { <init>(android.content.Context, android.util.AttributeSet); }

-keep class androidx.appcompat.app.AlertController$RecycleListView { <init>(android.content.Context, android.util.AttributeSet); }

-keep class androidx.appcompat.view.menu.ActionMenuItemView { <init>(android.content.Context, android.util.AttributeSet); }

-keep class androidx.appcompat.view.menu.ExpandedMenuView { <init>(android.content.Context, android.util.AttributeSet); }

-keep class androidx.appcompat.view.menu.ListMenuItemView { <init>(android.content.Context, android.util.AttributeSet); }

-keep class androidx.appcompat.widget.ActionBarContainer { <init>(android.content.Context, android.util.AttributeSet); }

-keep class androidx.appcompat.widget.ActionBarContextView { <init>(android.content.Context, android.util.AttributeSet); }

-keep class androidx.appcompat.widget.ActionBarOverlayLayout { <init>(android.content.Context, android.util.AttributeSet); }

-keep class androidx.appcompat.widget.ActionMenuView { <init>(android.content.Context, android.util.AttributeSet); }

-keep class androidx.appcompat.widget.ActivityChooserView$InnerLayout { <init>(android.content.Context, android.util.AttributeSet); }

-keep class androidx.appcompat.widget.AlertDialogLayout { <init>(android.content.Context, android.util.AttributeSet); }

-keep class androidx.appcompat.widget.AppCompatImageView { <init>(android.content.Context, android.util.AttributeSet); }

-keep class androidx.appcompat.widget.ButtonBarLayout { <init>(android.content.Context, android.util.AttributeSet); }

-keep class androidx.appcompat.widget.ContentFrameLayout { <init>(android.content.Context, android.util.AttributeSet); }

-keep class androidx.appcompat.widget.DialogTitle { <init>(android.content.Context, android.util.AttributeSet); }

-keep class androidx.appcompat.widget.FitWindowsFrameLayout { <init>(android.content.Context, android.util.AttributeSet); }

-keep class androidx.appcompat.widget.FitWindowsLinearLayout { <init>(android.content.Context, android.util.AttributeSet); }

-keep class androidx.appcompat.widget.SearchView$SearchAutoComplete { <init>(android.content.Context, android.util.AttributeSet); }

-keep class androidx.appcompat.widget.Toolbar { <init>(android.content.Context, android.util.AttributeSet); }

-keep class androidx.appcompat.widget.ViewStubCompat { <init>(android.content.Context, android.util.AttributeSet); }

-keep class androidx.browser.browseractions.BrowserActionsFallbackMenuView { <init>(android.content.Context, android.util.AttributeSet); }

-keep class androidx.cardview.widget.CardView { <init>(android.content.Context, android.util.AttributeSet); }

-keep class androidx.core.widget.NestedScrollView { <init>(android.content.Context, android.util.AttributeSet); }

-keep class com.google.maps.android.ui.RotationLayout { <init>(android.content.Context, android.util.AttributeSet); }

-keep class com.huawei.hms.scankit.ViewfinderView { <init>(android.content.Context, android.util.AttributeSet); }

-keep class com.journeyapps.barcodescanner.BarcodeView { <init>(android.content.Context, android.util.AttributeSet); }

-keep class com.journeyapps.barcodescanner.DecoratedBarcodeView { <init>(android.content.Context, android.util.AttributeSet); }

-keep class com.journeyapps.barcodescanner.ViewfinderView { <init>(android.content.Context, android.util.AttributeSet); }

-keep class com.pichillilorenzo.flutter_inappwebview.in_app_webview.InAppWebView { <init>(android.content.Context, android.util.AttributeSet); }

-keep class com.pichillilorenzo.flutter_inappwebview.pull_to_refresh.PullToRefreshLayout { <init>(android.content.Context, android.util.AttributeSet); }

-keepclassmembers class * { *** closeButtonClicked(android.view.MenuItem); }

-keepclassmembers class * { *** goBackButtonClicked(android.view.MenuItem); }

-keepclassmembers class * { *** goForwardButtonClicked(android.view.MenuItem); }

-keepclassmembers class * { *** reloadButtonClicked(android.view.MenuItem); }

-keepclassmembers class * { *** shareButtonClicked(android.view.MenuItem); }


# End of content from aapt_proguard_file\release\aapt_rules.txt
# The proguard configuration file for the following section is release\lib0\proguard.txt
-keep class com.huawei.hianalytics.**{*;}
-keep class com.huawei.updatesdk.**{*;}
-keep class com.huawei.hms.**{*;}
# End of content from release\lib0\proguard.txt
# The proguard configuration file for the following section is release\lib0\proguard.txt
# WebView
-keepattributes *JavascriptInterface*
-keepclassmembers class * {
    @android.webkit.JavascriptInterface <methods>;
}
-keepclassmembers class * extends android.webkit.WebViewClient {
    public void *(android.webkit.WebView, java.lang.String, android.graphics.Bitmap);
    public boolean *(android.webkit.WebView, java.lang.String);
    public void *(android.webkit.webView, jav.lang.String);
}
-keepclassmembers class com.pichillilorenzo.flutter_inappwebview$JavaScriptBridgeInterface {
     <fields>;
     <methods>;
     public *;
     private *;
}
-keep class com.pichillilorenzo.flutter_inappwebview.** { *; }
# End of content from release\lib0\proguard.txt
# The proguard configuration file for the following section is release\lib0\proguard.txt
# The point of this package is to specify that a dependent plugin intends to
# use the AndroidX lifecycle classes. Make sure no R8 heuristics shrink classes
# brought in by the embedding's pom.
#
# This isn't strictly needed since by definition, plugins using Android
# lifecycles should implement DefaultLifecycleObserver and therefore keep it
# from being shrunk. But there seems to be an R8 bug so this needs to stay
# https://issuetracker.google.com/issues/142778206.
-keep class androidx.lifecycle.DefaultLifecycleObserver

# End of content from release\lib0\proguard.txt
# The proguard configuration file for the following section is transformed\jetified-firebase-auth-22.3.1\proguard.txt
-dontwarn com.google.appengine.api.**
-dontwarn okio.**
-dontwarn org.apache.**
-dontwarn retrofit.android.**
-dontwarn retrofit.appengine.**
-dontwarn retrofit.client.**
-dontwarn rx.**

# This is necessary for keeping SecureTokenHttpApi and IdentityToolkitHttpApi
# Otherwise those classes get stripped out, as they are only being used
# reflectively.

-keepclasseswithmembernames interface * {
    @retrofit.http.* <methods>;
}

# This is necessary for parsing JSON responses, since the JSON converter uses reflection to figure out the class/type of response.
# We mainly need the *Response.classes to not be stripped out. All the firebase-auth classes are proguarded into "com.google.android.gms.internal.firebase-auth-api*".

-keep class com.google.android.gms.internal.** { *; }

# We keep all fields for every generated proto file as the runtime uses
# reflection over them that ProGuard cannot detect. Without this keep
# rule, fields may be removed that would cause runtime failures.
-keepclassmembers class * extends com.google.android.gms.internal.firebase-auth-api.zzaja {
  <fields>;
}

# End of content from transformed\jetified-firebase-auth-22.3.1\proguard.txt
# The proguard configuration file for the following section is transformed\jetified-firebase-firestore-24.10.3\proguard.txt
# Needed for DNS resolution.  Present in OpenJDK, but not Android
-dontwarn javax.naming.**

# Don't warn about checkerframework
#
# Guava uses the checkerframework and the annotations
# can safely be ignored at runtime.
-dontwarn org.checkerframework.**

# Guava warnings:
-dontwarn java.lang.ClassValue
-dontwarn com.google.j2objc.annotations.Weak
-dontwarn org.codehaus.mojo.animal_sniffer.IgnoreJRERequirement
-dontwarn javax.lang.model.element.Modifier

# Okhttp warnings.
-dontwarn okio.**
-dontwarn com.google.j2objc.annotations.**

# End of content from transformed\jetified-firebase-firestore-24.10.3\proguard.txt
# The proguard configuration file for the following section is transformed\jetified-facebook-login-16.3.0\proguard.txt
# Copyright (c) Meta Platforms, Inc. and affiliates.
# All rights reserved.
#
# This source code is licensed under the license found in the
# LICENSE file in the root directory of this source tree.

# To enable ProGuard in your project, edit project.properties
# to define the proguard.config property as described in that file.
#
# Add project specific ProGuard rules here.
# By default, the flags in this file are appended to flags specified
# in ${sdk.dir}/tools/proguard/proguard-android.txt
# You can edit the include path and order by changing the ProGuard
# include property in project.properties.
#
# For more details, see
#   http://developer.android.com/guide/developing/tools/proguard.html

# Add any project specific keep options here:

# If your project uses WebView with JS, uncomment the following
# and specify the fully qualified class name to the JavaScript interface
# class:
#-keepclassmembers class fqcn.of.javascript.interface.for.webview {
#   public *;
#}

-keepclassmembers class * implements java.io.Serializable {
    private static final java.io.ObjectStreamField[] serialPersistentFields;
    private void writeObject(java.io.ObjectOutputStream);
    private void readObject(java.io.ObjectInputStream);
    java.lang.Object writeReplace();
    java.lang.Object readResolve();
}

-keepnames class com.facebook.FacebookActivity
-keepnames class com.facebook.CustomTabActivity

-keep class com.facebook.login.Login

# End of content from transformed\jetified-facebook-login-16.3.0\proguard.txt
# The proguard configuration file for the following section is transformed\biometric-1.1.0\proguard.txt
# Copyright (C) 2020 The Android Open Source Project
#
# Licensed under the Apache License, Version 2.0 (the "License");
# you may not use this file except in compliance with the License.
# You may obtain a copy of the License at
#
#      http://www.apache.org/licenses/LICENSE-2.0
#
# Unless required by applicable law or agreed to in writing, software
# distributed under the License is distributed on an "AS IS" BASIS,
# WITHOUT WARRANTIES OR CONDITIONS OF ANY KIND, either express or implied.
# See the License for the specific language governing permissions and
# limitations under the License.

# Never inline methods, but allow shrinking and obfuscation.
-keepclassmembernames,allowobfuscation,allowshrinking
        class androidx.biometric.AuthenticationCallbackProvider$Api* {
    <methods>;
}
-keepclassmembernames,allowobfuscation,allowshrinking
        class androidx.biometric.BiometricFragment$Api* {
    <methods>;
}
-keepclassmembernames,allowobfuscation,allowshrinking
        class androidx.biometric.BiometricManager$Api* {
    <methods>;
}
-keepclassmembernames,allowobfuscation,allowshrinking
        class androidx.biometric.CancellationSignalProvider$Api* {
    <methods>;
}
-keepclassmembernames,allowobfuscation,allowshrinking
        class androidx.biometric.CryptoObjectUtils$Api* {
    <methods>;
}
-keepclassmembernames,allowobfuscation,allowshrinking
        class androidx.biometric.FingerprintDialogFragment$Api* {
    <methods>;
}
-keepclassmembernames,allowobfuscation,allowshrinking
        class androidx.biometric.KeyguardUtils$Api* {
    <methods>;
}
-keepclassmembernames,allowobfuscation,allowshrinking
        class androidx.biometric.PackageUtils$Api* {
    <methods>;
}

# End of content from transformed\biometric-1.1.0\proguard.txt
# The proguard configuration file for the following section is transformed\jetified-facebook-common-16.3.0\proguard.txt
# Copyright (c) Meta Platforms, Inc. and affiliates.
# All rights reserved.
#