build/app/outputs/mapping/release/seeds.txt
com.producer.suezproduction.MainActivity
com.producer.suezproduction.MainActivity: MainActivity()
...
com.google.android.gms.internal.auth.zzgl: void zza()
com.google.android.gms.internal.auth.zzem: void zzb(java.lang.Object)
com.google.android.gms.internal.firebase-auth-api.zzace: void zze(java.lang.String,java.lang.String,com.google.android.gms.internal.firebase-auth-api.zzacc)
com.google.android.gms.internal.firebase-auth-api.zzacc: void zzc()
com.google.android.gms.common.server.response.FastJsonResponse: void zaf(com.google.android.gms.common.server.response.FastJsonResponse$Field,java.lang.String,java.math.BigInteger)
com.google.android.gms.internal.firebase-auth-api.zzaib: java.lang.String zzs()
com.google.android.recaptcha.internal.zzbm: void zza(com.google.android.recaptcha.internal.zzpd)
com.pichillilorenzo.flutter_inappwebview.Util$1$1: void notImplemented()
org.chromium.support_lib_boundary.WebkitToCompatConverterBoundaryInterface: java.lang.Object convertSafeBrowsingResponse(java.lang.reflect.InvocationHandler)
com.google.android.gms.internal.firebase-auth-api.zzov: java.security.SecureRandom zza()
com.google.android.gms.internal.firebase-auth-api.zzaaf: void zza(java.lang.String)
com.huawei.hms.scankit.aiscan.common.l: com.huawei.hms.scankit.p._a h(com.huawei.hms.scankit.p._a,float)
com.google.android.gms.internal.maps.zzl: int zzh()
com.google.android.recaptcha.internal.zzkb: int zzc()
androidx.window.layout.WindowMetricsCalculatorCompat: androidx.window.layout.WindowMetrics computeMaximumWindowMetrics(android.app.Activity)
com.google.android.gms.internal.firebase-auth-api.zzaii$zzc: void zzh(long)
androidx.window.core.Version: java.lang.String getDescription()
com.google.android.recaptcha.internal.zzkh: void zzg(java.lang.Object,java.lang.Object)
com.google.android.gms.internal.firebase-auth-api.zzyl: void zza(com.google.android.gms.internal.firebase-auth-api.zzagf,com.google.android.gms.internal.firebase-auth-api.zzacf)
com.google.android.recaptcha.internal.zzdq: zzdq()
com.google.android.gms.internal.firebase-auth-api.zzve: com.google.android.gms.internal.firebase-auth-api.zzve zza()
com.huawei.hms.ml.scan.HmsScan$TelPhoneNumber: void writeToParcel(android.os.Parcel,int)
com.huawei.hms.framework.network.grs.local.model.b: void b(java.lang.String)
com.google.android.gms.internal.firebase-auth-api.zzain: zzain()
com.google.android.gms.internal.firebase-auth-api.zzaha: boolean zzf()
com.google.android.gms.internal.firebase-auth-api.zzabh: void zza(com.google.android.gms.tasks.TaskCompletionSource,com.google.android.gms.internal.firebase-auth-api.zzace)
com.google.android.gms.internal.firebase-auth-api.zzwg: byte[] zza(byte[],byte[])
com.google.android.recaptcha.internal.zzfx: zzfx(com.google.android.recaptcha.internal.zzft,java.lang.Character)
androidx.core.content.res.ResourcesCompat$Api23Impl: int getColor(android.content.res.Resources,int,android.content.res.Resources$Theme)
com.huawei.hms.framework.network.grs.a$a: a$a(java.lang.String,java.util.Map,com.huawei.hms.framework.network.grs.IQueryUrlsCallBack,android.content.Context,com.huawei.hms.framework.network.grs.GrsBaseInfo,com.huawei.hms.framework.network.grs.a.a)
com.huawei.hms.scankit.y: void k()
com.google.android.recaptcha.internal.zzba: boolean equals(java.lang.Object)
com.huawei.hms.scankit.A: boolean a(com.huawei.hms.ml.scan.HmsScan[])
com.huawei.hms.scankit.p.bb: int b()
com.huawei.hms.framework.common.hianalytics.HianalyticsBaseData: java.util.LinkedHashMap get()
androidx.browser.browseractions.BrowserActionsFallbackMenuView: BrowserActionsFallbackMenuView(android.content.Context,android.util.AttributeSet)
com.google.android.gms.internal.firebase-auth-api.zzdm$zza: com.google.android.gms.internal.firebase-auth-api.zzdm$zza zzb(int)
com.google.android.gms.internal.firebase-auth-api.zzix: zzix()
com.google.android.recaptcha.internal.zzkb: boolean zzb()
com.google.android.recaptcha.internal.zzol: java.lang.Object zzh(int,java.lang.Object,java.lang.Object)
com.google.android.gms.internal.firebase-auth-api.zzaig: void zzb(java.util.List)