build/app/outputs/mapping/release/usage.txt
com.producer.suezproduction.BuildConfig
com.producer.suezproduction.R$anim
com.producer.suezproduction.R$animator
com.producer.suezproduction.R$array
com.producer.suezproduction.R$attr
com.producer.suezproduction.R$bool
com.producer.suezproduction.R$color
com.producer.suezproduction.R$dimen
com.producer.suezproduction.R$drawable
com.producer.suezproduction.R$id
com.producer.suezproduction.R$integer
com.producer.suezproduction.R$interpolator
com.producer.suezproduction.R$layout
com.producer.suezproduction.R$menu
com.producer.suezproduction.R$mipmap
com.producer.suezproduction.R$raw
com.producer.suezproduction.R$string
com.producer.suezproduction.R$style
com.producer.suezproduction.R$styleable
com.producer.suezproduction.R$xml
com.producer.suezproduction.R
...
com.baseflow.geocoding.MethodCallHandlerImpl:
    private static final java.lang.String TAG
com.baseflow.geocoding.R$attr
com.baseflow.geocoding.R$color
com.baseflow.geocoding.R$dimen
com.baseflow.geocoding.R$drawable
com.baseflow.geocoding.R$id
com.baseflow.geocoding.R$integer
com.baseflow.geocoding.R$layout
com.baseflow.geocoding.R$string
com.baseflow.geocoding.R$style
com.baseflow.geocoding.R$styleable
com.baseflow.geocoding.R
com.baseflow.geocoding.utils.AddressLineParser:
    private static final java.lang.String ADDRESS_LINE_DELIMITER
    public void <init>()
com.baseflow.geocoding.utils.AddressMapper:
    public void <init>()
com.baseflow.geocoding.utils.LocaleConverter:
    private static final java.lang.String LOCALE_DELIMITER
    public void <init>()
com.baseflow.geolocator.BuildConfig
com.baseflow.geolocator.GeolocatorLocationService:
    private static final java.lang.String CHANNEL_ID
    private static final int ONGOING_NOTIFICATION_ID
    private static final java.lang.String TAG
com.baseflow.geolocator.GeolocatorPlugin:
    private static final java.lang.String TAG
    public static void registerWith(io.flutter.plugin.common.PluginRegistry$Registrar)
com.baseflow.geolocator.LocationServiceHandlerImpl:
    private static final java.lang.String TAG
com.baseflow.geolocator.MethodCallHandlerImpl:
    private static final java.lang.String TAG
com.baseflow.geolocator.R$attr
com.baseflow.geolocator.R$color
com.baseflow.geolocator.R$dimen
com.baseflow.geolocator.R$drawable
com.baseflow.geolocator.R$id
com.baseflow.geolocator.R$integer
com.baseflow.geolocator.R$layout
com.baseflow.geolocator.R$string
com.baseflow.geolocator.R$style
com.baseflow.geolocator.R$styleable
com.baseflow.geolocator.R
com.baseflow.geolocator.StreamHandlerImpl:
    private static final java.lang.String TAG
com.baseflow.geolocator.location.FusedLocationClient:
    private static final java.lang.String TAG
com.baseflow.geolocator.location.LocationManagerClient:
    private static final long TWO_MINUTES
com.baseflow.geolocator.location.LocationMapper:
    public void <init>()
com.baseflow.geolocator.location.NmeaClient:
    public static final java.lang.String NMEA_ALTITUDE_EXTRA
com.baseflow.geolocator.location.NotificationImportance
com.baseflow.geolocator.permission.PermissionManager:
    private static final int PERMISSION_REQUEST_CODE
com.baseflow.geolocator.permission.PermissionUtils:
    public void <init>()
com.baseflow.geolocator.utils.Utils:
    public void <init>()
com.chavesgu.scan.BuildConfig
com.chavesgu.scan.QRCodeDecoder:
    public void <init>()
    public static java.lang.String decodeQRCode(android.content.Context,android.graphics.Bitmap)
    public static java.lang.String syncDecodeQRCode(android.graphics.Bitmap)
com.chavesgu.scan.R$anim
com.chavesgu.scan.R$animator
com.chavesgu.scan.R$attr
com.chavesgu.scan.R$bool
com.chavesgu.scan.R$color
com.chavesgu.scan.R$dimen
com.chavesgu.scan.R$drawable
com.chavesgu.scan.R$id
com.chavesgu.scan.R$integer
com.chavesgu.scan.R$interpolator
com.chavesgu.scan.R$layout
com.chavesgu.scan.R$raw
com.chavesgu.scan.R$string
com.chavesgu.scan.R$style
com.chavesgu.scan.R$styleable
com.chavesgu.scan.R
com.chavesgu.scan.ScanDrawView:
    private android.graphics.Matrix matrix
    private void tryDraw(android.view.SurfaceHolder)
com.chavesgu.scan.ScanViewNew$QrCodeAsyncTask:
    private final java.lang.ref.WeakReference mWeakReference
    public void <init>(com.chavesgu.scan.ScanViewNew)
    protected synthetic bridge java.lang.Object doInBackground(java.lang.Object[])
    protected varargs java.lang.String doInBackground(android.graphics.Bitmap[])
    protected synthetic bridge void onPostExecute(java.lang.Object)
    protected void onPostExecute(java.lang.String)